[    0.000000] Initializing cgroup subsys cpuset
[    0.000000] Initializing cgroup subsys cpu
[    0.000000] Initializing cgroup subsys cpuacct
[    0.000000] Linux version 4.4.0-130-generic (buildd@lgw01-amd64-039) (gcc version 5.4.0 20160609 (Ubuntu 5.4.0-6ubuntu1~16.04.9) ) #156-Ubuntu SMP Thu Jun 14 08:53:28 UTC 2018 (Ubuntu 4.4.0-130.156-generic 4.4.134)
[    0.000000] Command line: BOOT_IMAGE=/boot/vmlinuz-4.4.0-130-generic root=UUID=84e91f24-0077-40f3-aab8-b49b8e1f4506 ro console=tty1 console=ttyS0
[    0.000000] KERNEL supported cpus:
[    0.000000]   Intel GenuineIntel
[    0.000000]   AMD AuthenticAMD
[    0.000000]   Centaur CentaurHauls
[    0.000000] x86/fpu: xstate_offset[2]:  576, xstate_sizes[2]:  256
[    0.000000] x86/fpu: Supporting XSAVE feature 0x01: 'x87 floating point registers'
[    0.000000] x86/fpu: Supporting XSAVE feature 0x02: 'SSE registers'
[    0.000000] x86/fpu: Supporting XSAVE feature 0x04: 'AVX registers'
[    0.000000] x86/fpu: Enabled xstate features 0x7, context size is 832 bytes, using 'standard' format.
[    0.000000] x86/fpu: Using 'eager' FPU context switches.
[    0.000000] e820: BIOS-provided physical RAM map:
[    0.000000] BIOS-e820: [mem 0x0000000000000000-0x000000000009fbff] usable
[    0.000000] BIOS-e820: [mem 0x000000000009fc00-0x000000000009ffff] reserved
[    0.000000] BIOS-e820: [mem 0x00000000000f0000-0x00000000000fffff] reserved
[    0.000000] BIOS-e820: [mem 0x0000000000100000-0x000000003ffeffff] usable
[    0.000000] BIOS-e820: [mem 0x000000003fff0000-0x000000003fffffff] ACPI data
[    0.000000] BIOS-e820: [mem 0x00000000fec00000-0x00000000fec00fff] reserved
[    0.000000] BIOS-e820: [mem 0x00000000fee00000-0x00000000fee00fff] reserved
[    0.000000] BIOS-e820: [mem 0x00000000fffc0000-0x00000000ffffffff] reserved
[    0.000000] NX (Execute Disable) protection: active
[    0.000000] SMBIOS 2.5 present.
[    0.000000] Hypervisor detected: KVM
[    0.000000] e820: last_pfn = 0x3fff0 max_arch_pfn = 0x400000000
[    0.000000] MTRR: Disabled
[    0.000000] x86/PAT: MTRRs disabled, skipping PAT initialization too.
[    0.000000] CPU MTRRs all blank - virtualized system.
[    0.000000] x86/PAT: Configuration [0-7]: WB  WT  UC- UC  WB  WT  UC- UC  
[    0.000000] found SMP MP-table at [mem 0x0009fff0-0x0009ffff] mapped at [ffff88000009fff0]
[    0.000000] Scanning 1 areas for low memory corruption
[    0.000000] RAMDISK: [mem 0x361f0000-0x370effff]
[    0.000000] ACPI: Early table checksum verification disabled
[    0.000000] ACPI: RSDP 0x00000000000E0000 000024 (v02 VBOX  )
[    0.000000] ACPI: XSDT 0x000000003FFF0030 00003C (v01 VBOX   VBOXXSDT 00000001 ASL  00000061)
[    0.000000] ACPI: FACP 0x000000003FFF00F0 0000F4 (v04 VBOX   VBOXFACP 00000001 ASL  00000061)
[    0.000000] ACPI: DSDT 0x000000003FFF0470 0021FF (v02 VBOX   VBOXBIOS 00000002 INTL 20100528)
[    0.000000] ACPI: FACS 0x000000003FFF0200 000040
[    0.000000] ACPI: FACS 0x000000003FFF0200 000040
[    0.000000] ACPI: APIC 0x000000003FFF0240 00005C (v02 VBOX   VBOXAPIC 00000001 ASL  00000061)
[    0.000000] ACPI: SSDT 0x000000003FFF02A0 0001CC (v01 VBOX   VBOXCPUT 00000002 INTL 20100528)
[    0.000000] No NUMA configuration found
[    0.000000] Faking a node at [mem 0x0000000000000000-0x000000003ffeffff]
[    0.000000] NODE_DATA(0) allocated [mem 0x3ffeb000-0x3ffeffff]
[    0.000000] kvm-clock: Using msrs 4b564d01 and 4b564d00
[    0.000000] kvm-clock: cpu 0, msr 0:3ffe3001, primary cpu clock
[    0.000000] kvm-clock: using sched offset of 3777692054 cycles
[    0.000000] clocksource: kvm-clock: mask: 0xffffffffffffffff max_cycles: 0x1cd42e4dffb, max_idle_ns: 881590591483 ns
[    0.000000] Zone ranges:
[    0.000000]   DMA      [mem 0x0000000000001000-0x0000000000ffffff]
[    0.000000]   DMA32    [mem 0x0000000001000000-0x000000003ffeffff]
[    0.000000]   Normal   empty
[    0.000000]   Device   empty
[    0.000000] Movable zone start for each node
[    0.000000] Early memory node ranges
[    0.000000]   node   0: [mem 0x0000000000001000-0x000000000009efff]
[    0.000000]   node   0: [mem 0x0000000000100000-0x000000003ffeffff]
[    0.000000] Initmem setup node 0 [mem 0x0000000000001000-0x000000003ffeffff]
[    0.000000] ACPI: PM-Timer IO Port: 0x4008
[    0.000000] IOAPIC[0]: apic_id 2, version 32, address 0xfec00000, GSI 0-23
[    0.000000] ACPI: INT_SRC_OVR (bus 0 bus_irq 0 global_irq 2 dfl dfl)
[    0.000000] ACPI: INT_SRC_OVR (bus 0 bus_irq 9 global_irq 9 low level)
[    0.000000] Using ACPI (MADT) for SMP configuration information
[    0.000000] smpboot: Allowing 2 CPUs, 0 hotplug CPUs
[    0.000000] PM: Registered nosave memory: [mem 0x00000000-0x00000fff]
[    0.000000] PM: Registered nosave memory: [mem 0x0009f000-0x0009ffff]
[    0.000000] PM: Registered nosave memory: [mem 0x000a0000-0x000effff]
[    0.000000] PM: Registered nosave memory: [mem 0x000f0000-0x000fffff]
[    0.000000] e820: [mem 0x40000000-0xfebfffff] available for PCI devices
[    0.000000] Booting paravirtualized kernel on KVM
[    0.000000] clocksource: refined-jiffies: mask: 0xffffffff max_cycles: 0xffffffff, max_idle_ns: 7645519600211568 ns
[    0.000000] setup_percpu: NR_CPUS:512 nr_cpumask_bits:512 nr_cpu_ids:2 nr_node_ids:1
[    0.000000] PERCPU: Embedded 34 pages/cpu @ffff88003fc00000 s99544 r8192 d31528 u1048576
[    0.000000] PV qspinlock hash table entries: 256 (order: 0, 4096 bytes)
[    0.000000] Built 1 zonelists in Node order, mobility grouping on.  Total pages: 257912
[    0.000000] Policy zone: DMA32
[    0.000000] Kernel command line: BOOT_IMAGE=/boot/vmlinuz-4.4.0-130-generic root=UUID=84e91f24-0077-40f3-aab8-b49b8e1f4506 ro console=tty1 console=ttyS0
[    0.000000] PID hash table entries: 4096 (order: 3, 32768 bytes)
[    0.000000] Memory: 997156K/1048120K available (8546K kernel code, 1313K rwdata, 4000K rodata, 1516K init, 1316K bss, 50964K reserved, 0K cma-reserved)
[    0.000000] SLUB: HWalign=64, Order=0-3, MinObjects=0, CPUs=2, Nodes=1
[    0.000000] Kernel/User page tables isolation: enabled
[    0.000000] Hierarchical RCU implementation.
[    0.000000] 	Build-time adjustment of leaf fanout to 64.
[    0.000000] 	RCU restricting CPUs from NR_CPUS=512 to nr_cpu_ids=2.
[    0.000000] RCU: Adjusting geometry for rcu_fanout_leaf=64, nr_cpu_ids=2
[    0.000000] NR_IRQS:33024 nr_irqs:440 16
[    0.000000] Console: colour VGA+ 80x25
[    0.000000] console [tty1] enabled
[    0.000000] console [ttyS0] enabled
[    0.000000] tsc: Detected 3392.464 MHz processor
[    0.333498] Calibrating delay loop (skipped) preset value.. 6784.92 BogoMIPS (lpj=13569856)
[    0.334697] pid_max: default: 32768 minimum: 301
[    0.335344] ACPI: Core revision 20150930
[    0.336646] ACPI: 2 ACPI AML tables successfully acquired and loaded
[    0.337590] Security Framework initialized
[    0.338186] Yama: becoming mindful.
[    0.338731] AppArmor: AppArmor initialized
[    0.339378] Dentry cache hash table entries: 131072 (order: 8, 1048576 bytes)
[    0.341215] Inode-cache hash table entries: 65536 (order: 7, 524288 bytes)
[    0.342135] Mount-cache hash table entries: 2048 (order: 2, 16384 bytes)
[    0.342981] Mountpoint-cache hash table entries: 2048 (order: 2, 16384 bytes)
[    0.343980] Initializing cgroup subsys io
[    0.344565] Initializing cgroup subsys memory
[    0.345182] Initializing cgroup subsys devices
[    0.345823] Initializing cgroup subsys freezer
[    0.346447] Initializing cgroup subsys net_cls
[    0.347073] Initializing cgroup subsys perf_event
[    0.347725] Initializing cgroup subsys net_prio
[    0.348357] Initializing cgroup subsys hugetlb
[    0.348996] Initializing cgroup subsys pids
[    0.349629] CPU: Physical Processor ID: 0
[    0.350210] CPU: Processor Core ID: 0
[    0.351510] mce: CPU supports 0 MCE banks
[    0.352103] Last level iTLB entries: 4KB 1024, 2MB 1024, 4MB 1024
[    0.352901] Last level dTLB entries: 4KB 1024, 2MB 1024, 4MB 1024, 1GB 4
[    0.353744] Spectre V2 : Mitigation: Full generic retpoline
[    0.354480] Spectre V2 : Speculation control IBPB not-supported IBRS not-supported
[    0.355396] Speculative Store Bypass: Vulnerable
[    0.358215] Freeing SMP alternatives memory: 32K
[    0.364938] ftrace: allocating 32245 entries in 126 pages
[    0.406879] smpboot: APIC(0) Converting physical 0 to logical package 0
[    0.407749] smpboot: Max logical packages: 1
[    0.408570] x2apic enabled
[    0.409215] Switched APIC routing to physical x2apic.
[    0.410776] ..TIMER: vector=0x30 apic1=0 pin1=2 apic2=-1 pin2=-1
[    0.517011] smpboot: CPU0: Intel(R) Core(TM) i7-4770 CPU @ 3.40GHz (family: 0x6, model: 0x3c, stepping: 0x3)
[    0.518492] Performance Events: unsupported p6 CPU model 60 no PMU driver, software events only.
[    0.519798] KVM setup paravirtual spinlock
[    0.520937] x86: Booting SMP configuration:
[    0.521552] .... node  #0, CPUs:      #1
[    0.522205] kvm-clock: cpu 1, msr 0:3ffe3041, secondary cpu clock
[    0.523484] mce: CPU supports 0 MCE banks
[    0.525831] x86: Booted up 1 node, 2 CPUs
[    0.526570] smpboot: Total of 2 processors activated (13569.85 BogoMIPS)
[    0.527688] devtmpfs: initialized
[    0.529272] evm: security.selinux
[    0.529794] evm: security.SMACK64
[    0.530320] evm: security.SMACK64EXEC
[    0.530866] evm: security.SMACK64TRANSMUTE
[    0.531455] evm: security.SMACK64MMAP
[    0.532005] evm: security.ima
[    0.532489] evm: security.capability
[    0.533147] clocksource: jiffies: mask: 0xffffffff max_cycles: 0xffffffff, max_idle_ns: 7645041785100000 ns
[    0.534459] futex hash table entries: 512 (order: 3, 32768 bytes)
[    0.535334] pinctrl core: initialized pinctrl subsystem
[    0.536115] RTC time: 12:17:03, date: 07/18/18
[    0.536874] NET: Registered protocol family 16
[    0.549001] cpuidle: using governor ladder
[    0.560495] cpuidle: using governor menu
[    0.561125] PCCT header not found.
[    0.561728] ACPI: bus type PCI registered
[    0.562318] acpiphp: ACPI Hot Plug PCI Controller Driver version: 0.5
[    0.563208] PCI: Using configuration type 1 for base access
[    0.573863] ACPI: Added _OSI(Module Device)
[    0.574539] ACPI: Added _OSI(Processor Device)
[    0.575188] ACPI: Added _OSI(3.0 _SCP Extensions)
[    0.575844] ACPI: Added _OSI(Processor Aggregator Device)
[    0.577129] ACPI: Executed 1 blocks of module-level executable AML code
[    0.579553] ACPI: Interpreter enabled
[    0.580120] ACPI: (supports S0 S5)
[    0.580656] ACPI: Using IOAPIC for interrupt routing
[    0.581458] PCI: Using host bridge windows from ACPI; if necessary, use "pci=nocrs" and report a bug
[    0.585318] ACPI: PCI Root Bridge [PCI0] (domain 0000 [bus 00-ff])
[    0.586130] acpi PNP0A03:00: _OSC: OS supports [ASPM ClockPM Segments MSI]
[    0.587009] acpi PNP0A03:00: _OSC: not requesting OS control; OS requires [ExtendedConfig ASPM ClockPM MSI]
[    0.588309] acpi PNP0A03:00: fail to add MMCONFIG information, can't access extended PCI configuration space under this bridge.
[    0.589998] PCI host bridge to bus 0000:00
[    0.590594] pci_bus 0000:00: root bus resource [io  0x0000-0x0cf7 window]
[    0.591448] pci_bus 0000:00: root bus resource [io  0x0d00-0xffff window]
[    0.592310] pci_bus 0000:00: root bus resource [mem 0x000a0000-0x000bffff window]
[    0.593393] pci_bus 0000:00: root bus resource [mem 0x40000000-0xfdffffff window]
[    0.594480] pci_bus 0000:00: root bus resource [bus 00-ff]
[    0.596457] pci 0000:00:01.1: legacy IDE quirk: reg 0x10: [io  0x01f0-0x01f7]
[    0.597357] pci 0000:00:01.1: legacy IDE quirk: reg 0x14: [io  0x03f6]
[    0.598194] pci 0000:00:01.1: legacy IDE quirk: reg 0x18: [io  0x0170-0x0177]
[    0.606300] pci 0000:00:01.1: legacy IDE quirk: reg 0x1c: [io  0x0376]
[    0.616898] pci 0000:00:07.0: quirk: [io  0x4000-0x403f] claimed by PIIX4 ACPI
[    0.618018] pci 0000:00:07.0: quirk: [io  0x4100-0x410f] claimed by PIIX4 SMB
[    0.622015] ACPI: PCI Interrupt Link [LNKA] (IRQs 5 9 10 *11)
[    0.623266] ACPI: PCI Interrupt Link [LNKB] (IRQs 5 9 *10 11)
[    0.624374] ACPI: PCI Interrupt Link [LNKC] (IRQs 5 *9 10 11)
[    0.625487] ACPI: PCI Interrupt Link [LNKD] (IRQs 5 9 10 *11)
[    0.626610] ACPI: Enabled 2 GPEs in block 00 to 07
[    0.627506] vgaarb: setting as boot device: PCI:0000:00:02.0
[    0.628256] vgaarb: device added: PCI:0000:00:02.0,decodes=io+mem,owns=io+mem,locks=none
[    0.629398] vgaarb: loaded
[    0.629862] vgaarb: bridge control possible 0000:00:02.0
[    0.630748] SCSI subsystem initialized
[    0.631386] ACPI: bus type USB registered
[    0.631994] usbcore: registered new interface driver usbfs
[    0.632736] usbcore: registered new interface driver hub
[    0.633470] usbcore: registered new device driver usb
[    0.635113] PCI: Using ACPI for IRQ routing
[    0.635999] NetLabel: Initializing
[    0.636572] NetLabel:  domain hash size = 128
[    0.637221] NetLabel:  protocols = UNLABELED CIPSOv4
[    0.637903] NetLabel:  unlabeled traffic allowed by default
[    0.638711] amd_nb: Cannot enumerate AMD northbridges
[    0.639417] clocksource: Switched to clocksource kvm-clock
[    0.646128] AppArmor: AppArmor Filesystem Enabled
[    0.646849] pnp: PnP ACPI init
[    0.647929] pnp: PnP ACPI: found 3 devices
[    0.655776] clocksource: acpi_pm: mask: 0xffffff max_cycles: 0xffffff, max_idle_ns: 2085701024 ns
[    0.657015] NET: Registered protocol family 2
[    0.657716] TCP established hash table entries: 8192 (order: 4, 65536 bytes)
[    0.658614] TCP bind hash table entries: 8192 (order: 5, 131072 bytes)
[    0.659453] TCP: Hash tables configured (established 8192 bind 8192)
[    0.660295] UDP hash table entries: 512 (order: 2, 16384 bytes)
[    0.661069] UDP-Lite hash table entries: 512 (order: 2, 16384 bytes)
[    0.661901] NET: Registered protocol family 1
[    0.662533] pci 0000:00:00.0: Limiting direct PCI/PCI transfers
[    0.663317] pci 0000:00:01.0: Activating ISA DMA hang workarounds
[    0.664206] Unpacking initramfs...
[    0.843674] Freeing initrd memory: 15360K
[    0.844458] RAPL PMU detected, API unit is 2^-32 Joules, 4 fixed counters 10737418240 ms ovfl timer
[    0.845704] hw unit of domain pp0-core 2^-0 Joules
[    0.846367] hw unit of domain package 2^-0 Joules
[    0.847037] hw unit of domain dram 2^-0 Joules
[    0.847661] hw unit of domain pp1-gpu 2^-0 Joules
[    0.848410] platform rtc_cmos: registered platform RTC device (no PNP device found)
[    0.849568] Scanning for low memory corruption every 60 seconds
[    0.850649] audit: initializing netlink subsys (disabled)
[    0.851394] audit: type=2000 audit(1531916229.163:1): initialized
[    0.852453] Initialise system trusted keyring
[    0.853196] HugeTLB registered 2 MB page size, pre-allocated 0 pages
[    0.855063] zbud: loaded
[    0.855789] VFS: Disk quotas dquot_6.6.0
[    0.856400] VFS: Dquot-cache hash table entries: 512 (order 0, 4096 bytes)
[    0.857446] squashfs: version 4.0 (2009/01/31) Phillip Lougher
[    0.858535] fuse init (API version 7.23)
[    0.859254] Key type big_key registered
[    0.859886] Allocating IMA MOK and blacklist keyrings.
[    0.861408] Key type asymmetric registered
[    0.862011] Asymmetric key parser 'x509' registered
[    0.862706] Block layer SCSI generic (bsg) driver version 0.4 loaded (major 249)
[    0.864004] io scheduler noop registered
[    0.864703] io scheduler deadline registered (default)
[    0.865585] io scheduler cfq registered
[    0.866225] pci_hotplug: PCI Hot Plug PCI Core version: 0.5
[    0.866965] pciehp: PCI Express Hot Plug Controller Driver version: 0.4
[    0.867939] ACPI: AC Adapter [AC] (on-line)
[    0.868585] input: Power Button as /devices/LNXSYSTM:00/LNXPWRBN:00/input/input0
[    0.869651] ACPI: Power Button [PWRF]
[    0.870248] input: Sleep Button as /devices/LNXSYSTM:00/LNXSLPBN:00/input/input1
[    0.871324] ACPI: Sleep Button [SLPF]
[    0.872055] GHES: HEST is not enabled!
[    0.872757] Serial: 8250/16550 driver, 32 ports, IRQ sharing enabled
[    0.895384] 00:02: ttyS0 at I/O 0x3f8 (irq = 4, base_baud = 115200) is a 16550A
[    0.898247] Linux agpgart interface v0.103
[    0.900971] loop: module loaded
[    0.901907] scsi host0: ata_piix
[    0.902561] scsi host1: ata_piix
[    0.903099] ata1: PATA max UDMA/33 cmd 0x1f0 ctl 0x3f6 bmdma 0xd000 irq 14
[    0.903983] ata2: PATA max UDMA/33 cmd 0x170 ctl 0x376 bmdma 0xd008 irq 15
[    0.905113] libphy: Fixed MDIO Bus: probed
[    0.905716] tun: Universal TUN/TAP device driver, 1.6
[    0.906399] tun: (C) 1999-2004 Max Krasnyansky <maxk@qualcomm.com>
[    0.907380] PPP generic driver version 2.4.2
[    0.908077] ehci_hcd: USB 2.0 'Enhanced' Host Controller (EHCI) Driver
[    0.908912] ehci-pci: EHCI PCI platform driver
[    0.909544] ehci-platform: EHCI generic platform driver
[    0.910252] ohci_hcd: USB 1.1 'Open' Host Controller (OHCI) Driver
[    0.911051] ohci-pci: OHCI PCI platform driver
[    0.911720] ohci-platform: OHCI generic platform driver
[    0.912432] uhci_hcd: USB Universal Host Controller Interface driver
[    0.913288] i8042: PNP: PS/2 Controller [PNP0303:PS2K,PNP0f03:PS2M] at 0x60,0x64 irq 1,12
[    0.914799] serio: i8042 KBD port at 0x60,0x64 irq 1
[    0.915491] serio: i8042 AUX port at 0x60,0x64 irq 12
[    0.916307] mousedev: PS/2 mouse device common for all mice
[    0.917308] input: AT Translated Set 2 keyboard as /devices/platform/i8042/serio0/input/input2
[    0.918832] rtc_cmos rtc_cmos: rtc core: registered rtc_cmos as rtc0
[    0.919696] rtc_cmos rtc_cmos: alarms up to one day, 114 bytes nvram
[    0.920516] i2c /dev entries driver
[    0.921093] device-mapper: uevent: version 1.0.3
[    0.921801] device-mapper: ioctl: 4.34.0-ioctl (2015-10-28) initialised: dm-devel@redhat.com
[    0.922985] ledtrig-cpu: registered to indicate activity on CPUs
[    0.924049] NET: Registered protocol family 10
[    0.924796] NET: Registered protocol family 17
[    0.925432] Key type dns_resolver registered
[    0.926298] registered taskstats version 1
[    0.926906] Loading compiled-in X.509 certificates
[    0.928079] Loaded X.509 cert 'Build time autogenerated kernel key: b3e0fe4bcd6378c38a2c0a4648abbc1fa5043a22'
[    0.929403] zswap: loaded using pool lzo/zbud
[    0.931375] Key type trusted registered
[    0.934329] Key type encrypted registered
[    0.934939] AppArmor: AppArmor sha1 policy hashing enabled
[    0.935750] ima: No TPM chip found, activating TPM-bypass!
[    0.936496] ima: Allocated hash algorithm: sha1
[    0.937138] evm: HMAC attrs: 0x1
[    0.937841]   Magic number: 10:350:279
[    0.938409] event_source tracepoint: hash matches
[    0.939065] tty tty16: hash matches
[    0.939655] rtc_cmos rtc_cmos: setting system clock to 2018-07-18 12:17:03 UTC (1531916223)
[    0.940882] BIOS EDD facility v0.16 2004-Jun-25, 0 devices found
[    0.941662] EDD information not available.
[    1.066376] Freeing unused kernel memory: 1516K
[    1.067100] Write protecting the kernel read-only data: 14336k
[    1.068167] Freeing unused kernel memory: 1680K
[    1.068962] Freeing unused kernel memory: 96K
Loading, please wait...
starting version 229
[    1.078529] random: systemd-udevd: uninitialized urandom read (16 bytes read, 1 bits of entropy available)
[    1.078823] random: udevadm: uninitialized urandom read (16 bytes read, 1 bits of entropy available)
[    1.078836] random: udevadm: uninitialized urandom read (16 bytes read, 1 bits of entropy available)
[    1.082400] random: systemd-udevd: uninitialized urandom read (16 bytes read, 1 bits of entropy available)
[    1.083727] random: systemd-udevd: uninitialized urandom read (16 bytes read, 1 bits of entropy available)
[    1.084267] random: udevadm: uninitialized urandom read (16 bytes read, 1 bits of entropy available)
[    1.084297] random: udevadm: uninitialized urandom read (16 bytes read, 1 bits of entropy available)
[    1.084389] random: udevadm: uninitialized urandom read (16 bytes read, 1 bits of entropy available)
[    1.084424] random: udevadm: uninitialized urandom read (16 bytes read, 1 bits of entropy available)
[    1.084458] random: udevadm: uninitialized urandom read (16 bytes read, 1 bits of entropy available)
[    1.114816] Fusion MPT base driver 3.04.20
[    1.115453] Copyright (c) 1999-2008 LSI Corporation
[    1.116542] e1000: Intel(R) PRO/1000 Network Driver - version 7.3.21-k8-NAPI
[    1.117439] e1000: Copyright (c) 1999-2006 Intel Corporation.
[    1.120230] Fusion MPT SPI Host driver 3.04.20
[    1.136820] AVX2 version of gcm_enc/dec engaged.
[    1.137489] AES CTR mode by8 optimization enabled
[    1.343534] input: ImExPS/2 Generic Explorer Mouse as /devices/platform/i8042/serio1/input/input4
[    1.454699] e1000 0000:00:03.0 eth0: (PCI:33MHz:32-bit) 02:40:c1:fa:9b:f5
[    1.455586] e1000 0000:00:03.0 eth0: Intel(R) PRO/1000 Network Connection
[    1.457165] mptbase: ioc0: Initiating bringup
[    1.458275] e1000 0000:00:03.0 enp0s3: renamed from eth0
[    1.535678] ioc0: LSI53C1030 A0: Capabilities={Initiator}
[    2.081606] tsc: Refined TSC clocksource calibration: 3392.150 MHz
[    2.082525] clocksource: tsc: mask: 0xffffffffffffffff max_cycles: 0x30e557538e7, max_idle_ns: 440795263472 ns
[    2.396213] scsi host2: ioc0: LSI53C1030 A0, FwRev=00000000h, Ports=1, MaxQ=256, IRQ=20
[    2.535825] scsi 2:0:0:0: Direct-Access     VBOX     HARDDISK         1.0  PQ: 0 ANSI: 5
[    2.537092] scsi target2:0:0: Beginning Domain Validation
[    2.545834] scsi target2:0:0: Domain Validation skipping write tests
[    2.546647] scsi target2:0:0: Ending Domain Validation
[    2.547371] scsi target2:0:0: asynchronous
[    2.548268] scsi 2:0:1:0: Direct-Access     VBOX     HARDDISK         1.0  PQ: 0 ANSI: 5
[    2.549398] scsi target2:0:1: Beginning Domain Validation
[    2.550820] scsi target2:0:1: Domain Validation skipping write tests
[    2.551633] scsi target2:0:1: Ending Domain Validation
[    2.552382] scsi target2:0:1: asynchronous
[    2.556062] sd 2:0:0:0: Attached scsi generic sg0 type 0
[    2.556981] sd 2:0:0:0: [sda] 20971520 512-byte logical blocks: (10.7 GB/10.0 GiB)
[    2.558096] sd 2:0:1:0: Attached scsi generic sg1 type 0
[    2.558828] sd 2:0:1:0: [sdb] 20480 512-byte logical blocks: (10.5 MB/10.0 MiB)
[    2.560003] sd 2:0:0:0: [sda] Write Protect is off
[    2.560685] sd 2:0:1:0: [sdb] Write Protect is off
[    2.561399] sd 2:0:0:0: [sda] Incomplete mode parameter data
[    2.562151] sd 2:0:0:0: [sda] Assuming drive cache: write through
[    2.562947] sd 2:0:1:0: [sdb] Incomplete mode parameter data
[    2.563700] sd 2:0:1:0: [sdb] Assuming drive cache: write through
[    2.573981]  sda: sda1
[    2.574865] sd 2:0:0:0: [sda] Attached SCSI disk
[    2.588342] sd 2:0:1:0: [sdb] Attached SCSI disk
Begin: Loading essential drivers ... [    3.889758] md: linear personality registered for level -1
[    3.892238] md: multipath personality registered for level -4
[    3.894700] md: raid0 personality registered for level 0
[    3.897392] md: raid1 personality registered for level 1
[    3.967587] raid6: sse2x1   gen() 11546 MB/s
[    4.035588] raid6: sse2x1   xor()  8872 MB/s
[    4.103588] raid6: sse2x2   gen() 14719 MB/s
[    4.171428] raid6: sse2x2   xor()  9394 MB/s
[    4.239601] raid6: sse2x4   gen() 16372 MB/s
[    4.307593] raid6: sse2x4   xor() 11818 MB/s
[    4.375597] raid6: avx2x1   gen() 22299 MB/s
[    4.443602] raid6: avx2x2   gen() 25976 MB/s
[    4.511601] raid6: avx2x4   gen() 30220 MB/s
[    4.512216] raid6: using algorithm avx2x4 gen() 30220 MB/s
[    4.512938] raid6: using avx2x2 recovery algorithm
[    4.514671] xor: automatically using best checksumming function:
[    4.551603]    avx       : 30173.000 MB/sec
[    4.553144] async_tx: api initialized (async)
[    4.559386] md: raid6 personality registered for level 6
[    4.560129] md: raid5 personality registered for level 5
[    4.560839] md: raid4 personality registered for level 4
[    4.565445] md: raid10 personality registered for level 10
done.
Begin: Running /scripts/init-premount ... done.
Begin: Mounting root file system ... Begin: Running /scripts/local-top ... done.
Begin: Running /scripts/local-premount ... [    4.587523] Btrfs loaded
Scanning for Btrfs filesystems
done.
Warning: fsck not present, so skipping root file system
[    4.646355] EXT4-fs (sda1): mounted filesystem with ordered data mode. Opts: (null)
done.
Begin: Running /scripts/local-bottom ... done.
Begin: Running /scripts/init-bottom ... done.
[    5.692899] systemd[1]: systemd 229 running in system mode. (+PAM +AUDIT +SELINUX +IMA +APPARMOR +SMACK +SYSVINIT +UTMP +LIBCRYPTSETUP +GCRYPT +GNUTLS +ACL +XZ -LZ4 +SECCOMP +BLKID +ELFUTILS +KMOD -IDN)
[    5.695203] systemd[1]: Detected virtualization oracle.
[    5.695935] systemd[1]: Detected architecture x86-64.

Welcome to [1mUbuntu 16.04.4 LTS[0m!

[    5.739254] systemd[1]: Set hostname to <ubuntu-xenial>.
[    5.801569] random: nonblocking pool is initialized
[    6.820242] systemd[1]: Reached target Encrypted Volumes.
[[0;32m  OK  [0m] Reached target Encrypted Volumes.
[    6.821881] systemd[1]: Set up automount Arbitrary Executable File Formats File System Automount Point.
[[0;32m  OK  [0m] Set up automount Arbitrary Executab...ats File System Automount Point.
[    6.824036] systemd[1]: Reached target System Time Synchronized.
[[0;32m  OK  [0m] Reached target System Time Synchronized.
[    6.825500] systemd[1]: Reached target Swap.
[[0;32m  OK  [0m] Reached target Swap.
[    6.826708] systemd[1]: Listening on Journal Socket.
[[0;32m  OK  [0m] Listening on Journal Socket.
[    6.828236] systemd[1]: Created slice System Slice.
[[0;32m  OK  [0m] Created slice System Slice.
[    6.839789] systemd[1]: Starting Set console keymap...
         Starting Set console keymap...
[    6.841577] systemd[1]: Mounting Debug File System...
         Mounting Debug File System...
[    6.843267] systemd[1]: Starting Uncomplicated firewall...
         Starting Uncomplicated firewall...
[    6.877771] systemd[1]: Started Trigger resolvconf update for networkd DNS.
[[0;32m  OK  [0m] Started Trigger resolvconf update for networkd DNS.
[    6.891796] systemd[1]: Starting Create list of required static device nodes for the current kernel...
         Starting Create list of required st... nodes for the current kernel...
[    6.894035] systemd[1]: Listening on LVM2 metadata daemon socket.
[[0;32m  OK  [0m] Listening on LVM2 metadata daemon socket.
[    6.896000] systemd[1]: Mounting POSIX Message Queue File System...
         Mounting POSIX Message Queue File System...
[    6.897563] systemd[1]: Listening on udev Control Socket.
[[0;32m  OK  [0m] Listening on udev Control Socket.
[    6.898977] systemd[1]: Listening on LVM2 poll daemon socket.
[[0;32m  OK  [0m] Listening on LVM2 poll daemon socket.
[    6.900436] systemd[1]: Listening on udev Kernel Socket.
[[0;32m  OK  [0m] Listening on udev Kernel Socket.
[    6.902200] systemd[1]: Mounting Huge Pages File System...
         Mounting Huge Pages File System...
[    6.904310] systemd[1]: Reached target User and Group Name Lookups.
[[0;32m  OK  [0m] Reached target User and Group Name Lookups.
[    6.906028] systemd[1]: Created slice User and Session Slice.
[[0;32m  OK  [0m] Created slice User and Session Slice.
[    6.907532] systemd[1]: Listening on Journal Audit Socket.
[[0;32m  OK  [0m] Listening on Journal Audit Socket.
[    6.908946] systemd[1]: Listening on /dev/initctl Compatibility Named Pipe.
[[0;32m  OK  [0m] Listening on /dev/initctl Compatibility Named Pipe.
[    6.911031] systemd[1]: Starting Nameserver information manager...
         Starting Nameserver information manager...
[    6.916781] systemd[1]: Starting Load Kernel Modules...
         Starting Load Kernel Modules...
[    6.918141] systemd[1]: Reached target Slices.
[[0;32m  OK  [0m] Reached target Slices.
[    6.920031] systemd[1]: Starting Remount Root and Kernel File Systems...
         Starting Remount Root and Kernel File Systems...
[    6.921608] systemd[1]: Listening on Device-mapper event daemon FIFOs.
[[0;32m  OK  [0m] Listening on Device-mapper event daemon FIFOs.
[    6.923215] systemd[1]: Started Forward Password Requests to Wall Directory Watch.
[[0;32m  OK  [0m] Started Forward Password Requests to Wall Directory Watch.
[    6.925567] systemd[1]: Starting Monitoring of LVM2 mirrors, snapshots etc. using dmeventd or progress polling...
         Starting Monitoring of LVM2 mirrors... dmeventd or progress polling...
[    6.927924] systemd[1]: Created slice system-serial\x2dgetty.slice.
[[0;32m  OK  [0m] Created slice system-serial\x2dgetty.slice.
[    6.929518] systemd[1]: Listening on Journal Socket (/dev/log).
[[0;32m  OK  [0m] Listening on Journal Socket (/dev/log).
[    6.930998] systemd[1]: Listening on Syslog Socket.
[[0;32m  OK  [0m] Listening on Syslog Socket.
[    6.932710] systemd[1]: Starting Journal Service...
         Starting Journal Service...
[    7.005736] systemd[1]: Started Uncomplicated firewall.
[[0;32m  OK  [0m] Started Uncomplicated firewall.
[    7.024474] systemd[1]: Started Create list of required static device nodes for the current kernel.
[[0;32m  OK  [0m] Started Create list of required sta...ce nodes for the current kernel.
[    7.043732] systemd[1]: Starting Create Static Device Nodes in /dev...
         Starting Create Static Device Nodes in /dev...
[    7.179984] Loading iSCSI transport class v2.0-870.
[    7.253856] EXT4-fs (sda1): re-mounted. Opts: (null)
[    7.254879] systemd[1]: Mounted Debug File System.
[[0;32m  OK  [0m] Mounted Debug File System.
[    7.256478] systemd[1]: Mounted POSIX Message Queue File System.
[[0;32m  OK  [0m] Mounted POSIX Message Queue File System.
[    7.258222] systemd[1]: Mounted Huge Pages File System.
[[0;32m  OK  [0m] Mounted Huge Pages File System.
[    7.272253] systemd[1]: Started Remount Root and Kernel File Systems.
[[    7.274370] iscsi: registered transport (tcp)
[0;32m  OK  [0m] Started Remount Root and Kernel File Systems.
[    7.283310] systemd[1]: Starting Load/Save Random Seed...
         Starting Load/Save Random Seed...
[    7.351820] systemd[1]: Starting udev Coldplug all Devices...
         Starting udev Coldplug all Devices...
[    7.354224] systemd[1]: Started Nameserver information manager.
[[0;32m  OK  [0m] Started Nameserver information manager.
[    7.361316] systemd[1]: Started LVM2 metadata daemon.
[[0;32m  OK  [0m] Started LVM2 metadata daemon.
[    7.609896] systemd[1]: Started udev Coldplug all Devices.
[[0;32m  OK  [0m] Started udev Coldplug all Devices.
[    7.628306] systemd[1]: Started Journal Service.
[[0;32m  OK  [0m] Started Journal Service.
         Starting Flush Journal to Persistent Storage...
[[0;32m  OK  [0m] Started Set console keymap.
[[0;32m  OK  [0m] Started Load/Save Random Seed.
[    7.732813] systemd-journald[389]: Received request to flush runtime journal from PID 1
[[0;32m  OK  [0m] Started Flush Journal to Persistent Storage.
[    7.777408] iscsi: registered transport (iser)
[[0;32m  OK  [0m] Started Load Kernel Modules.
         Mounting FUSE Control File System...
         Starting Apply Kernel Variables...
[[0;32m  OK  [0m] Mounted FUSE Control File System.
[[0;32m  OK  [0m] Started Monitoring of LVM2 mirrors,...ng dmeventd or progress polling.
[[0;32m  OK  [0m] Started Apply Kernel Variables.
[[0;32m  OK  [0m] Started Create Static Device Nodes in /dev.
         Starting udev Kernel Device Manager...
[[0;32m  OK  [0m] Started udev Kernel Device Manager.
[[0;32m  OK  [0m] Started Dispatch Password Requests to Console Directory Watch.
[[0;32m  OK  [0m] Reached target Local File Systems (Pre).
[[0;32m  OK  [0m] Reached target Local File Systems.
         Starting Set console font and keymap...
         Starting LSB: AppArmor initialization...
         Starting Create Volatile Files and Directories...
         Starting Initial cloud-init job (pre-networking)...
         Starting Tell Plymouth To Write Out Runtime Data...
[[0;32m  OK  [0m] Started Tell Plymouth To Write Out Runtime Data.
[[0;32m  OK  [0m] Found device /dev/ttyS0.
[[0;32m  OK  [0m] Listening on Load/Save RF Kill Switch Status /dev/rfkill Watch.
[[0;32m  OK  [0m] Found device 82540EM Gigabit Ethern...r (PRO/1000 MT Desktop Adapter).
[[0;32m  OK  [0m] Started Set console font and keymap.
[[0;32m  OK  [0m] Created slice system-getty.slice.
[[0;32m  OK  [0m] Started Create Volatile Files and Directories.
         Starting Update UTMP about System Boot/Shutdown...
[[0;32m  OK  [0m] Started Update UTMP about System Boot/Shutdown.
[[0;32m  OK  [0m] Started LSB: AppArmor initialization.
[   17.781161] cloud-init[485]: Cloud-init v. 18.2 running 'init-local' at Wed, 18 Jul 2018 12:17:20 +0000. Up 17.15 seconds.
[[0;32m  OK  [0m] Started Initial cloud-init job (pre-networking).
[[0;32m  OK  [0m] Reached target Network (Pre).
         Starting Raise network interfaces...
[[0;32m  OK  [0m] Started ifup for enp0s3.
[[0;32m  OK  [0m] Started Raise network interfaces.
         Starting Initial cloud-init job (metadata service crawler)...
[[0;32m  OK  [0m] Reached target Network.
[   19.351536] cloud-init[986]: Cloud-init v. 18.2 running 'init' at Wed, 18 Jul 2018 12:17:21 +0000. Up 18.32 seconds.
[   19.353135] cloud-init[986]: ci-info: +++++++++++++++++++++++++++++++++++++Net device info++++++++++++++++++++++++++++++++++++++
[   19.354690] cloud-init[986]: ci-info: +--------+------+----------------------------+---------------+-------+-------------------+
[   19.356304] cloud-init[986]: ci-info: | Device |  Up  |          Address           |      Mask     | Scope |     Hw-Address    |
[   19.360425] cloud-init[986]: ci-info: +--------+------+----------------------------+---------------+-------+-------------------+
[   19.361982] cloud-init[986]: ci-info: | enp0s3 | True |         10.0.2.15          | 255.255.255.0 |   .   | 02:40:c1:fa:9b:f5 |
[   19.368297] cloud-init[986]: ci-info: | enp0s3 | True | fe80::40:c1ff:fefa:9bf5/64 |       .       |  link | 02:40:c1:fa:9b:f5 |
[   19.369879] cloud-init[986]: ci-info: |   lo   | True |         127.0.0.1          |   255.0.0.0   |   .   |         .         |
[   19.371433] cloud-init[986]: ci-info: |   lo   | True |          ::1/128           |       .       |  host |         .         |
[   19.377214] cloud-init[986]: ci-info: +--------+------+----------------------------+---------------+-------+-------------------+
[   19.378755] cloud-init[986]: ci-info: +++++++++++++++++++++++++++Route IPv4 info++++++++++++++++++++++++++++
[   19.380148] cloud-init[986]: ci-info: +-------+-------------+----------+---------------+-----------+-------+
[   19.384286] cloud-init[986]: ci-info: | Route | Destination | Gateway  |    Genmask    | Interface | Flags |
[   19.388364] cloud-init[986]: ci-info: +-------+-------------+----------+---------------+-----------+-------+
[   19.389807] cloud-init[986]: ci-info: |   0   |   0.0.0.0   | 10.0.2.2 |    0.0.0.0    |   enp0s3  |   UG  |
[   19.392259] cloud-init[986]: ci-info: |   1   |   10.0.2.0  | 0.0.0.0  | 255.255.255.0 |   enp0s3  |   U   |
[   19.396268] cloud-init[986]: ci-info: +-------+-------------+----------+---------------+-----------+-------+
[[0;32m  OK  [0m] Started Initial cloud-init job (metadata service crawler).
[[0;32m  OK  [0m] Reached target System Initialization.
         Starting Socket activation for snappy daemon.
[[0;32m  OK  [0m] Started Daily apt download activities.
[[0;32m  OK  [0m] Started Daily apt upgrade and clean activities.
[[0;32m  OK  [0m] Started Daily Cleanup of Temporary Directories.
[[0;32m  OK  [0m] Reached target Timers.
[[0;32m  OK  [0m] Listening on D-Bus System Message Bus Socket.
[[0;32m  OK  [0m] Listening on UUID daemon activation socket.
[[0;32m  OK  [0m] Listening on ACPID Listen Socket.
         Starting LXD - unix socket.
[[0;32m  OK  [0m] Started ACPI Events Check.
[[0;32m  OK  [0m] Reached target Paths.
[[0;32m  OK  [0m] Reached target Network is Online.
         Starting iSCSI initiator daemon (iscsid)...
[[0;32m  OK  [0m] Reached target Cloud-config availability.
[[0;32m  OK  [0m] Listening on Socket activation for snappy daemon.
[[0;32m  OK  [0m] Listening on LXD - unix socket.
[[0;32m  OK  [0m] Reached target Sockets.
[[0;32m  OK  [0m] Reached target Basic System.
[[0;32m  OK  [0m] Started FUSE filesystem for LXC.
[[0;32m  OK  [0m] Started Regular background program processing daemon.
         Starting Login Service...
[[0;32m  OK  [0m] Started Unattended Upgrades Shutdown.
         Starting Virtualbox guest utils...
[[0;32m  OK  [0m] Started Deferred execution scheduler.
         Starting LXD - container startup/shutdown...
         Starting System Logging Service...
         Starting LSB: Record successful boot for GRUB...
         Starting Snappy daemon...
         Starting OpenBSD Secure Shell server...
[[0;32m  OK  [0m] Started ACPI event daemon.
         Starting Accounts Service...
         Starting /etc/rc.local Compatibility...
         Starting Apply the settings specified in cloud-config...
[[0;32m  OK  [0m] Started D-Bus System Message Bus.
[   20.530573] cloud-init[1068]: Cloud-init v. 18.2 running 'modules:config' at Wed, 18 Jul 2018 12:17:22 +0000. Up 19.84 seconds.
         Starting LSB: MD monitoring daemon...
[[0;32m  OK  [0m] Started System Logging Service.
[[0;32m  OK  [0m] Started /etc/rc.local Compatibility.
[[0;32m  OK  [0m] Started Apply the settings specified in cloud-config.
[[0;32m  OK  [0m] Started Login Service.
[[0;32m  OK  [0m] Started iSCSI initiator daemon (iscsid).
         Starting Login to default iSCSI targets...
[[0;32m  OK  [0m] Started LSB: Record successful boot for GRUB.
[[0;32m  OK  [0m] Started Login to default iSCSI targets.
[[0;32m  OK  [0m] Reached target Remote File Systems (Pre).
[[0;32m  OK  [0m] Reached target Remote File Systems.
         Starting LSB: Set the CPU Frequency Scaling governor to "ondemand"...
         Starting Permit User Sessions...
         Starting LSB: automatic crash report generation...
         Starting LSB: daemon to balance interrupts for SMP systems...
[[0;32m  OK  [0m] Started LSB: Set the CPU Frequency Scaling governor to "ondemand".
[[0;32m  OK  [0m] Started LSB: daemon to balance interrupts for SMP systems.
[[0;32m  OK  [0m] Started LSB: MD monitoring daemon.
[[0;32m  OK  [0m] Started Permit User Sessions.
         Starting Terminate Plymouth Boot Screen...
         Starting Hold until boot process finishes up...
[[0;32m  OK  [0m] Started Hold until boot process finishes up.
         Starting Set console scheme...
[[0;32m  OK  [0m] Started Serial Getty on ttyS0.
[[0;32m  OK  [0m] Started Getty on tty1.
[[0;32m  OK  [0m] Reached target Login Prompts.
[[0;32m  OK  [0m] Started Terminate Plymouth Boot Screen.
[[0;32m  OK  [0m] Started Set console scheme.
[[0;32m  OK  [0m] Started OpenBSD Secure Shell server.
         Starting Authenticate and Authorize Users to Run Privileged Tasks...
[[0;32m  OK  [0m] Started LSB: automatic crash report generation.
[[0;32m  OK  [0m] Started Virtualbox guest utils.
[[0;32m  OK  [0m] Started Authenticate and Authorize Users to Run Privileged Tasks.
[[0;32m  OK  [0m] Started Accounts Service.
[[0;32m  OK  [0m] Started Snappy daemon.
         Starting Wait until snapd is fully seeded...
[[0;32m  OK  [0m] Started Wait until snapd is fully seeded.
[[0;32m  OK  [0m] Started LXD - container startup/shutdown.
[[0;32m  OK  [0m] Reached target Multi-User System.
         Starting Execute cloud user/final scripts...
[[0;32m  OK  [0m] Reached target Graphical Interface.
         Starting Update UTMP about System Runlevel Changes...
[[0;32m  OK  [0m] Started Update UTMP about System Runlevel Changes.
[   23.797255] cloud-init[1221]: Cloud-init v. 18.2 running 'modules:final' at Wed, 18 Jul 2018 12:17:26 +0000. Up 23.66 seconds.
[   23.798827] cloud-init[1221]: Cloud-init v. 18.2 finished at Wed, 18 Jul 2018 12:17:26 +0000. Datasource DataSourceNoCloud [seed=/dev/sdb][dsmode=net].  Up 23.79 seconds
[[0;32m  OK  [0m] Started Execute cloud user/final scripts.
[[0;32m  OK  [0m] Reached target Cloud-init target.

Ubuntu 16.04.4 LTS ubuntu-xenial ttyS0

ubuntu-xenial login: [[0;32m  OK  [0m] Stopped target Graphical Interface.
         Stopping User Manager for UID 1000...
         Stopping Authenticate and Authorize Users to Run Privileged Tasks...
[[0;32m  OK  [0m] Stopped target Timers.
[[0;32m  OK  [0m] Closed Load/Save RF Kill Switch Status /dev/rfkill Watch.
[[0;32m  OK  [0m] Stopped Daily Cleanup of Temporary Directories.
[[0;32m  OK  [0m] Stopped Daily apt upgrade and clean activities.
[[0;32m  OK  [0m] Stopped Daily apt download activities.
[[0;32m  OK  [0m] Stopped target System Time Synchronized.
         Stopping Session 2 of user vagrant.
         Stopping Accounts Service...
[[0;32m  OK  [0m] Stopped target Cloud-init target.
[[0;32m  OK  [0m] Stopped Execute cloud user/final scripts.
         Stopping ACPI event daemon...
[[0;32m  OK  [0m] Stopped Apply the settings specified in cloud-config.
[[0;32m  OK  [0m] Stopped target Cloud-config availability.
[[0;32m  OK  [0m] Stopped target Multi-User System.
         Stopping D-Bus System Message Bus...
         Stopping LSB: automatic crash report generation...
         Stopping Regular background program processing daemon...
         Stopping LSB: MD monitoring daemon...
         Stopping Deferred execution scheduler...
         Stopping LSB: Record successful boot for GRUB...
         Stopping Unattended Upgrades Shutdown...
         Stopping OpenBSD Secure Shell server...
[[0;32m  OK  [0m] Stopped target Login Prompts.
         Stopping Getty on tty1...
         Stopping Serial Getty on ttyS0...
         Stopping Virtualbox guest utils...
         Stopping LSB: Set the CPU Frequency Scaling governor to "ondemand"...
         Stopping System Logging Service...
         Stopping FUSE filesystem for LXC...
[[0;32m  OK  [0m] Stopped Wait until snapd is fully seeded.
         Stopping Snappy daemon...
         Stopping LXD - container startup/shutdown...
         Stopping LSB: daemon to balance interrupts for SMP systems...
[[0;32m  OK  [0m] Stopped Regular background program processing daemon.
[[0;32m  OK  [0m] Stopped Deferred execution scheduler.
[[0;32m  OK  [0m] Stopped Snappy daemon.
[[0;32m  OK  [0m] Stopped OpenBSD Secure Shell server.
[[0;32m  OK  [0m] Stopped Accounts Service.
[[0;32m  OK  [0m] Stopped Serial Getty on ttyS0.
[[0;32m  OK  [0m] Stopped Getty on tty1.
[[0;32m  OK  [0m] Stopped System Logging Service.
[[0;32m  OK  [0m] Stopped Authenticate and Authorize Users to Run Privileged Tasks.
[[0;32m  OK  [0m] Stopped User Manager for UID 1000.
[[0;32m  OK  [0m] Stopped D-Bus System Message Bus.
[[0;32m  OK  [0m] Stopped Session 2 of user vagrant.
[[0;32m  OK  [0m] Stopped ACPI event daemon.
[[0;32m  OK  [0m] Unmounted /var/lib/lxcfs.
[[0;32m  OK  [0m] Stopped FUSE filesystem for LXC.
[[0;32m  OK  [0m] Stopped LSB: Set the CPU Frequency Scaling governor to "ondemand".
[[0;32m  OK  [0m] Stopped LSB: MD monitoring daemon.
[[0;32m  OK  [0m] Stopped Virtualbox guest utils.
[[0;32m  OK  [0m] Stopped LSB: Record successful boot for GRUB.
[[0;32m  OK  [0m] Stopped LSB: daemon to balance interrupts for SMP systems.
[[0;32m  OK  [0m] Stopped LSB: automatic crash report generation.
[[0;32m  OK  [0m] Stopped LXD - container startup/shutdown.
[[0;32m  OK  [0m] Removed slice User Slice of vagrant.
         Stopping Login Service...
[[0;32m  OK  [0m] Removed slice system-getty.slice.
         Stopping Permit User Sessions...
[[0;32m  OK  [0m] Stopped /etc/rc.local Compatibility.
[[0;32m  OK  [0m] Removed slice system-serial\x2dgetty.slice.
[[0;32m  OK  [0m] Stopped Permit User Sessions.
[[0;32m  OK  [0m] Stopped target Remote File Systems.
[[0;32m  OK  [0m] Stopped target Remote File Systems (Pre).
         Stopping Login to default iSCSI targets...
[[0;32m  OK  [0m] Stopped Login Service.
[[0;32m  OK  [0m] Stopped target User and Group Name Lookups.
[[0;32m  OK  [0m] Stopped Login to default iSCSI targets.
         Stopping iSCSI initiator daemon (iscsid)...
[[0;32m  OK  [0m] Stopped iSCSI initiator daemon (iscsid).
[[0;32m  OK  [0m] Stopped target Network is Online.
[[0;32m  OK  [0m] Stopped Unattended Upgrades Shutdown.
[[0;32m  OK  [0m] Stopped target Network.
[[0;32m  OK  [0m] Stopped target Basic System.
[[0;32m  OK  [0m] Stopped target Sockets.
[[0;32m  OK  [0m] Closed Socket activation for snappy daemon.
[[0;32m  OK  [0m] Closed Syslog Socket.
[[0;32m  OK  [0m] Closed LXD - unix socket.
[[0;32m  OK  [0m] Closed UUID daemon activation socket.
[[0;32m  OK  [0m] Closed ACPID Listen Socket.
[[0;32m  OK  [0m] Closed D-Bus System Message Bus Socket.
[[0;32m  OK  [0m] Stopped target Paths.
[[0;32m  OK  [0m] Stopped ACPI Events Check.
[[0;32m  OK  [0m] Stopped target System Initialization.
[[0;32m  OK  [0m] Stopped target Swap.
[[0;32m  OK  [0m] Stopped target Encrypted Volumes.
[[0;32m  OK  [0m] Stopped Create Volatile Files and Directories.
[[0;32m  OK  [0m] Stopped Initial cloud-init job (metadata service crawler).
         Stopping Raise network interfaces...
         Stopping Load/Save Random Seed...
[[0;32m  OK  [0m] Stopped Forward Password Requests to Wall Directory Watch.
[[0;32m  OK  [0m] Stopped Dispatch Password Requests to Console Directory Watch.
[[0;32m  OK  [0m] Stopped target Slices.
[[0;32m  OK  [0m] Removed slice User and Session Slice.
[[0;32m  OK  [0m] Stopped Load/Save Random Seed.
[[0;32m  OK  [0m] Stopped Raise network interfaces.
[[0;32m  OK  [0m] Stopped target Local File Systems.
         Unmounting /run/user/1000...
         Unmounting /vagrant...
[[0;32m  OK  [0m] Stopped Apply Kernel Variables.
[[0;32m  OK  [0m] Stopped target Network (Pre).
[[0;32m  OK  [0m] Stopped Initial cloud-init job (pre-networking).
[[0;32m  OK  [0m] Stopped Load Kernel Modules.
[[0;32m  OK  [0m] Unmounted /run/user/1000.
[[0;32m  OK  [0m] Unmounted /vagrant.
[[0;32m  OK  [0m] Reached target Unmount All Filesystems.
[[0;32m  OK  [0m] Stopped target Local File Systems (Pre).
[[0;32m  OK  [0m] Stopped Remount Root and Kernel File Systems.
         Stopping Monitoring of LVM2 mirrors... dmeventd or progress polling...
[[0;32m  OK  [0m] Stopped Create Static Device Nodes in /dev.
[[0;32m  OK  [0m] Reached target Shutdown.
[   41.770691] reboot: Power down
